Mon 22 Apr 2024 11:29:26 PM UTC: 
 tests:  0|6
total_score: 0/70
33a2d76
Wed 24 Apr 2024 12:24:30 AM UTC: 
 hashmap.c | 5 ++++-
 1 file changed, 4 insertions(+), 1 deletion(-)
 tests:  0|6
total_score: 0/70
d84aadd
Wed 24 Apr 2024 12:24:43 AM UTC: 
 hashmap.c | 1 +
 1 file changed, 1 insertion(+)
 tests:  0|0
165b86c
Wed 24 Apr 2024 12:26:18 AM UTC: 
 hashmap.c | 5 +++--
 1 file changed, 3 insertions(+), 2 deletions(-)
 tests:  1|5
total_score: 10/70
c085c37
Wed 24 Apr 2024 12:33:11 AM UTC: 
 hashmap.c | 15 +++++++++++++++
 1 file changed, 15 insertions(+)
In file included from test.c:4:
hashmap.c: In function ‘insertMap’:
hashmap.c:43:9: error: unused variable ‘par’ [-Werror=unused-variable]
   43 |   Pair *par = createPair(key, value);
      |         ^~~
cc1: all warnings being treated as errors
Compilation failed
889c946
Wed 24 Apr 2024 12:33:47 AM UTC: 
 hashmap.c | 10 +++++-----
 1 file changed, 5 insertions(+), 5 deletions(-)
 tests:  0|0
239582f
Wed 24 Apr 2024 12:36:16 AM UTC: 
 hashmap.c | 3 +--
 1 file changed, 1 insertion(+), 2 deletions(-)
 tests:  0|0
a487484
Wed 24 Apr 2024 12:36:40 AM UTC: 
 hashmap.c | 3 +--
 1 file changed, 1 insertion(+), 2 deletions(-)
 tests:  0|0
a2a514d
Wed 24 Apr 2024 12:41:30 AM UTC: 
 hashmap.c | 11 +++++++----
 1 file changed, 7 insertions(+), 4 deletions(-)
test.c: In function ‘insertMap’:
test.c:453:5: error: ‘main’ is normally a non-static function [-Werror=main]
  453 | int main( int argc, char *argv[] ) {
      |     ^~~~
test.c:511:1: error: expected declaration or statement at end of input
  511 | }
      | ^
At top level:
test.c:453:5: error: ‘main’ defined but not used [-Werror=unused-function]
  453 | int main( int argc, char *argv[] ) {
      |     ^~~~
test.c:217:5: error: ‘insert_test5’ defined but not used [-Werror=unused-function]
  217 | int insert_test5(){ //factor de carga>0.7, se llama a función enlarge
      |     ^~~~~~~~~~~~
test.c:131:6: error: ‘compare_test’ defined but not used [-Werror=unused-function]
  131 | void compare_test(){
      |      ^~~~~~~~~~~~
test.c:125:6: error: ‘hash_test3’ defined but not used [-Werror=unused-function]
  125 | void hash_test3(){ //no random
      |      ^~~~~~~~~~
test.c:111:6: error: ‘hash_test2’ defined but not used [-Werror=unused-function]
  111 | void hash_test2(){ // colisiones
      |      ^~~~~~~~~~
test.c:100:6: error: ‘hash_test1’ defined but not used [-Werror=unused-function]
  100 | void hash_test1(){ // posición válida
      |      ^~~~~~~~~~
cc1: all warnings being treated as errors
Compilation failed
b8506b7
Wed 24 Apr 2024 12:42:15 AM UTC: 
 hashmap.c | 2 ++
 1 file changed, 2 insertions(+)
 tests:  5|4
total_score: 30/70
c53aa7c
Wed 24 Apr 2024 12:53:06 AM UTC: 
 hashmap.c | 6 ++----
 1 file changed, 2 insertions(+), 4 deletions(-)
test.c: In function ‘insertMap’:
test.c:453:5: error: ‘main’ is normally a non-static function [-Werror=main]
  453 | int main( int argc, char *argv[] ) {
      |     ^~~~
test.c:511:1: error: expected declaration or statement at end of input
  511 | }
      | ^
At top level:
test.c:453:5: error: ‘main’ defined but not used [-Werror=unused-function]
  453 | int main( int argc, char *argv[] ) {
      |     ^~~~
test.c:217:5: error: ‘insert_test5’ defined but not used [-Werror=unused-function]
  217 | int insert_test5(){ //factor de carga>0.7, se llama a función enlarge
      |     ^~~~~~~~~~~~
test.c:131:6: error: ‘compare_test’ defined but not used [-Werror=unused-function]
  131 | void compare_test(){
      |      ^~~~~~~~~~~~
test.c:125:6: error: ‘hash_test3’ defined but not used [-Werror=unused-function]
  125 | void hash_test3(){ //no random
      |      ^~~~~~~~~~
test.c:111:6: error: ‘hash_test2’ defined but not used [-Werror=unused-function]
  111 | void hash_test2(){ // colisiones
      |      ^~~~~~~~~~
test.c:100:6: error: ‘hash_test1’ defined but not used [-Werror=unused-function]
  100 | void hash_test1(){ // posición válida
      |      ^~~~~~~~~~
cc1: all warnings being treated as errors
Compilation failed
3fd7269
